<?xml version="1.0" encoding="UTF-8"?>
<!-- Generated by org.testng.reporters.JUnitReportReporter -->
<testsuite hostname="JavaDev" failures="0" tests="1" name="workSpace.TestingWebdriver" time="22.357" errors="0" timestamp="2024-03-20T12:06:34 SAST" skipped="0">
  <testcase classname="workSpace.TestingWebdriver" name="runTest" time="22.357"/>
  <system-out/>
</testsuite> <!-- workSpace.TestingWebdriver -->
