<?xml version="1.0" encoding="UTF-8"?>
<!-- Generated by org.testng.reporters.JUnitReportReporter -->
<testsuite hostname="JavaDev" failures="0" tests="1" name="workSpace.TestingWebdriver" time="17.595" errors="0" timestamp="2024-03-12T22:15:23 SAST" skipped="0">
  <testcase classname="workSpace.TestingWebdriver" name="runTest" time="17.595"/>
  <system-out/>
</testsuite> <!-- workSpace.TestingWebdriver -->
